<?xml version="1.0" encoding="UTF-8"?>
<!-- Generated by org.testng.reporters.JUnitReportReporter -->
<testsuite skipped="0" hostname="LAPTOP-K2MCNC53" name="Academy.E2EProject.HomePage" tests="2" failures="0" timestamp="20 Jul 2019 16:41:57 GMT" time="30.173" errors="0">
  <testcase name="basePageNavigation" time="17.825" classname="Academy.E2EProject.HomePage"/>
  <testcase name="basePageNavigation" time="12.348" classname="Academy.E2EProject.HomePage"/>
</testsuite> <!-- Academy.E2EProject.HomePage -->
