<?xml version="1.0" encoding="UTF-8"?>
<!-- Generated by org.testng.reporters.JUnitReportReporter -->
<testsuite skipped="0" hostname="LAPTOP-K2MCNC53" name="Academy.E2EProject.validateNavigationBar" tests="1" failures="0" timestamp="21 Jul 2019 17:12:32 GMT" time="0.142" errors="0">
  <testcase name="validateNavBar" time="0.142" classname="Academy.E2EProject.validateNavigationBar"/>
</testsuite> <!-- Academy.E2EProject.validateNavigationBar -->
