<?xml version="1.0" encoding="UTF-8"?>
<!-- Generated by org.testng.reporters.JUnitReportReporter -->
<testsuite skipped="0" hostname="LAPTOP-K2MCNC53" name="Academy.E2EProject.HomePage" tests="2" failures="0" timestamp="21 Jul 2019 17:12:32 GMT" time="23.550" errors="0">
  <testcase name="validateHomepage" time="9.988" classname="Academy.E2EProject.HomePage"/>
  <testcase name="validateHomepage" time="13.562" classname="Academy.E2EProject.HomePage"/>
</testsuite> <!-- Academy.E2EProject.HomePage -->
